RUN	com.gatling.tests.ComputerDatabase	computerdatabase	1665308829346	Test Run 1	3.6.1
USER	ComputerDatabase	START	1665308831478
USER	ComputerDatabase	START	1665308831478
USER	ComputerDatabase	START	1665308831478
REQUEST		ComputerDatabasePage	1665308831651	1665308832885	OK	 
REQUEST		ComputerDatabasePage	1665308831651	1665308832885	OK	 
REQUEST		ComputerDatabasePage	1665308831651	1665308832885	OK	 
REQUEST		NewComputerPage	1665308835262	1665308835620	OK	 
REQUEST		NewComputerPage	1665308835262	1665308835620	OK	 
REQUEST		NewComputerPage	1665308835262	1665308835621	OK	 
REQUEST		AddComputerPage	1665308848658	1665308848937	OK	 
REQUEST		AddComputerPage	1665308848658	1665308848937	OK	 
REQUEST		AddComputerPage	1665308848658	1665308848937	OK	 
REQUEST		AddComputerPage Redirect 1	1665308848968	1665308849233	OK	 
REQUEST		AddComputerPage Redirect 1	1665308848968	1665308849233	OK	 
REQUEST		AddComputerPage Redirect 1	1665308848968	1665308849233	OK	 
REQUEST		FilterComputerPage	1665308859241	1665308859587	OK	 
REQUEST		FilterComputerPage	1665308859241	1665308859587	OK	 
REQUEST		FilterComputerPage	1665308859241	1665308859592	OK	 
USER	ComputerDatabase	END	1665308859602
USER	ComputerDatabase	END	1665308859602
USER	ComputerDatabase	END	1665308859603
